<?xml version="1.0" encoding="UTF-8"?>
<testsuite name="game.commands.AttackCommandTest" tests="2" skipped="0" failures="0" errors="0" timestamp="2017-02-04T02:30:51" hostname="Gavins-MacBook-Pro.local" time="0.002">
  <properties/>
  <testcase name="iterateDuration" classname="game.commands.AttackCommandTest" time="0.001"/>
  <testcase name="getDuration" classname="game.commands.AttackCommandTest" time="0.0"/>
  <system-out><![CDATA[]]></system-out>
  <system-err><![CDATA[]]></system-err>
</testsuite>
